<?xml version="1.0" encoding="utf-8"?><testsuites name="pytest tests"><testsuite name="pytest" errors="0" failures="0" skipped="0" tests="25" time="61.106" timestamp="2026-04-17T12:28:21.517537+00:00" hostname="agent-env-13e8efb7-fafb-42e8-bb4d-8d0e88d838cf"><testcase classname="backend.tests.test_finae_api.TestHealthEndpoint" name="test_health_returns_ok" time="0.144" /><testcase classname="backend.tests.test_finae_api.TestPoliciesEndpoint" name="test_get_all_policies_returns_12" time="0.129" /><testcase classname="backend.tests.test_finae_api.TestPoliciesEndpoint" name="test_filter_by_insurance_category" time="0.129" /><testcase classname="backend.tests.test_finae_api.TestPoliciesEndpoint" name="test_filter_by_loan_category" time="0.108" /><testcase classname="backend.tests.test_finae_api.TestPoliciesEndpoint" name="test_filter_by_credit_card_category" time="0.140" /><testcase classname="backend.tests.test_finae_api.TestPoliciesEndpoint" name="test_filter_by_sharia_compliant" time="0.146" /><testcase classname="backend.tests.test_finae_api.TestPoliciesEndpoint" name="test_get_single_policy" time="0.130" /><testcase classname="backend.tests.test_finae_api.TestPoliciesEndpoint" name="test_get_nonexistent_policy_returns_404" time="0.116" /><testcase classname="backend.tests.test_finae_api.TestNewsEndpoint" name="test_get_all_news_returns_6" time="0.115" /><testcase classname="backend.tests.test_finae_api.TestNewsEndpoint" name="test_news_filter_by_category" time="0.114" /><testcase classname="backend.tests.test_finae_api.TestChatMessageEndpoint" name="test_chat_message_sends_and_receives_response" time="0.520" /><testcase classname="backend.tests.test_finae_api.TestChatMessageEndpoint" name="test_chat_message_maintains_conversation" time="0.892" /><testcase classname="backend.tests.test_finae_api.TestExtractProfileEndpoint" name="test_extract_profile_from_conversation" time="23.590" /><testcase classname="backend.tests.test_finae_api.TestExtractProfileEndpoint" name="test_extract_profile_no_conversation_returns_404" time="0.109" /><testcase classname="backend.tests.test_finae_api.TestRecommendEndpoint" name="test_recommend_without_profile_returns_404" time="0.105" /><testcase classname="backend.tests.test_finae_api.TestCompareEndpoint" name="test_compare_two_policies" time="0.108" /><testcase classname="backend.tests.test_finae_api.TestCompareEndpoint" name="test_compare_three_policies" time="0.153" /><testcase classname="backend.tests.test_finae_api.TestCompareEndpoint" name="test_compare_less_than_two_returns_400" time="0.107" /><testcase classname="backend.tests.test_finae_api.TestCompareEndpoint" name="test_compare_more_than_four_returns_400" time="0.133" /><testcase classname="backend.tests.test_finae_api.TestApplicationsEndpoint" name="test_create_application" time="0.113" /><testcase classname="backend.tests.test_finae_api.TestApplicationsEndpoint" name="test_get_applications_for_session" time="0.242" /><testcase classname="backend.tests.test_finae_api.TestApplicationsEndpoint" name="test_get_applications_empty_session" time="0.115" /><testcase classname="backend.tests.test_finae_api.TestApplicationsEndpoint" name="test_create_application_invalid_policy_returns_404" time="0.105" /><testcase classname="backend.tests.test_finae_api.TestOpenChatEndpoint" name="test_open_chat_works" time="3.829" /><testcase classname="backend.tests.test_finae_api.TestOpenChatEndpoint" name="test_open_chat_maintains_context" time="29.550" /></testsuite></testsuites>